{"E:\\PROJECT\\RAMOUZ\\banksampah\\docs_engginering\\BankSampah\\app\\_layout.tsx": {"path":"E:\\PROJECT\\RAMOUZ\\banksampah\\docs_engginering\\BankSampah\\app\\_layout.tsx","statementMap":{"0":{"start":{"line":9,"column":22},"end":{"line":9,"column":38}},"1":{"start":{"line":11,"column":2},"end":{"line":16,"column":4}}},"fnMap":{"0":{"name":"RootLayout","decl":{"start":{"line":8,"column":24},"end":{"line":8,"column":34}},"loc":{"start":{"line":8,"column":37},"end":{"line":17,"column":1}},"line":8}},"branchMap":{"0":{"loc":{"start":{"line":12,"column":26},"end":{"line":12,"column":75}},"type":"cond-expr","locations":[{"start":{"line":12,"column":51},"end":{"line":12,"column":60}},{"start":{"line":12,"column":63},"end":{"line":12,"column":75}}],"line":12}},"s":{"0":1,"1":1},"f":{"0":1},"b":{"0":[0,1]},"_coverageSchema":"1a1c01bbd47fc00a2c39e90264f33305004495a9","hash":"ad0d0f8bf054e26067aadfa17d1cbf2414d8f27f"}
,"E:\\PROJECT\\RAMOUZ\\banksampah\\docs_engginering\\BankSampah\\app\\index.tsx": {"path":"E:\\PROJECT\\RAMOUZ\\banksampah\\docs_engginering\\BankSampah\\app\\index.tsx","statementMap":{"0":{"start":{"line":4,"column":1},"end":{"line":16,"column":3}},"1":{"start":{"line":10,"column":5},"end":{"line":10,"column":42}},"2":{"start":{"line":20,"column":15},"end":{"line":76,"column":2}}},"fnMap":{"0":{"name":"App","decl":{"start":{"line":3,"column":24},"end":{"line":3,"column":27}},"loc":{"start":{"line":3,"column":30},"end":{"line":18,"column":1}},"line":3},"1":{"name":"(anonymous_1)","decl":{"start":{"line":9,"column":13},"end":{"line":9,"column":14}},"loc":{"start":{"line":9,"column":19},"end":{"line":11,"column":5}},"line":9}},"branchMap":{},"s":{"0":1,"1":0,"2":1},"f":{"0":1,"1":0},"b":{},"_coverageSchema":"1a1c01bbd47fc00a2c39e90264f33305004495a9","hash":"240a871e159bf3536b74975bfab5e4d788907573"}
,"E:\\PROJECT\\RAMOUZ\\banksampah\\docs_engginering\\BankSampah\\app\\auth\\_layout.tsx": {"path":"E:\\PROJECT\\RAMOUZ\\banksampah\\docs_engginering\\BankSampah\\app\\auth\\_layout.tsx","statementMap":{"0":{"start":{"line":10,"column":22},"end":{"line":10,"column":38}},"1":{"start":{"line":12,"column":2},"end":{"line":48,"column":4}},"2":{"start":{"line":24,"column":37},"end":{"line":24,"column":93}},"3":{"start":{"line":31,"column":37},"end":{"line":31,"column":94}},"4":{"start":{"line":38,"column":37},"end":{"line":38,"column":101}}},"fnMap":{"0":{"name":"TabLayout","decl":{"start":{"line":9,"column":24},"end":{"line":9,"column":33}},"loc":{"start":{"line":9,"column":36},"end":{"line":49,"column":1}},"line":9},"1":{"name":"(anonymous_1)","decl":{"start":{"line":24,"column":22},"end":{"line":24,"column":23}},"loc":{"start":{"line":24,"column":37},"end":{"line":24,"column":93}},"line":24},"2":{"name":"(anonymous_2)","decl":{"start":{"line":31,"column":22},"end":{"line":31,"column":23}},"loc":{"start":{"line":31,"column":37},"end":{"line":31,"column":94}},"line":31},"3":{"name":"(anonymous_3)","decl":{"start":{"line":38,"column":22},"end":{"line":38,"column":23}},"loc":{"start":{"line":38,"column":37},"end":{"line":38,"column":101}},"line":38}},"branchMap":{"0":{"loc":{"start":{"line":15,"column":38},"end":{"line":15,"column":60}},"type":"binary-expr","locations":[{"start":{"line":15,"column":38},"end":{"line":15,"column":49}},{"start":{"line":15,"column":53},"end":{"line":15,"column":60}}],"line":15}},"s":{"0":1,"1":1,"2":0,"3":0,"4":0},"f":{"0":1,"1":0,"2":0,"3":0},"b":{"0":[1,0]},"_coverageSchema":"1a1c01bbd47fc00a2c39e90264f33305004495a9","hash":"eb90d6597bb9a9b335d3cce90c62ae14e3b54451"}
,"E:\\PROJECT\\RAMOUZ\\banksampah\\docs_engginering\\BankSampah\\app\\auth\\callback.tsx": {"path":"E:\\PROJECT\\RAMOUZ\\banksampah\\docs_engginering\\BankSampah\\app\\auth\\callback.tsx","statementMap":{"0":{"start":{"line":9,"column":17},"end":{"line":9,"column":28}},"1":{"start":{"line":10,"column":44},"end":{"line":10,"column":58}},"2":{"start":{"line":12,"column":2},"end":{"line":39,"column":46}},"3":{"start":{"line":13,"column":25},"end":{"line":37,"column":6}},"4":{"start":{"line":14,"column":6},"end":{"line":14,"column":68}},"5":{"start":{"line":15,"column":19},"end":{"line":15,"column":42}},"6":{"start":{"line":16,"column":6},"end":{"line":36,"column":7}},"7":{"start":{"line":17,"column":23},"end":{"line":17,"column":48}},"8":{"start":{"line":18,"column":29},"end":{"line":18,"column":55}},"9":{"start":{"line":19,"column":30},"end":{"line":19,"column":57}},"10":{"start":{"line":20,"column":8},"end":{"line":35,"column":9}},"11":{"start":{"line":21,"column":34},"end":{"line":24,"column":12}},"12":{"start":{"line":25,"column":10},"end":{"line":34,"column":11}},"13":{"start":{"line":26,"column":12},"end":{"line":26,"column":36}},"14":{"start":{"line":27,"column":12},"end":{"line":27,"column":53}},"15":{"start":{"line":29,"column":12},"end":{"line":29,"column":56}},"16":{"start":{"line":30,"column":12},"end":{"line":30,"column":44}},"17":{"start":{"line":31,"column":12},"end":{"line":31,"column":38}},"18":{"start":{"line":32,"column":12},"end":{"line":32,"column":54}},"19":{"start":{"line":33,"column":12},"end":{"line":33,"column":36}},"20":{"start":{"line":38,"column":4},"end":{"line":38,"column":39}},"21":{"start":{"line":38,"column":17},"end":{"line":38,"column":38}},"22":{"start":{"line":41,"column":2},"end":{"line":46,"column":4}}},"fnMap":{"0":{"name":"AuthCallback","decl":{"start":{"line":8,"column":24},"end":{"line":8,"column":36}},"loc":{"start":{"line":8,"column":39},"end":{"line":47,"column":1}},"line":8},"1":{"name":"(anonymous_1)","decl":{"start":{"line":12,"column":12},"end":{"line":12,"column":13}},"loc":{"start":{"line":12,"column":18},"end":{"line":39,"column":3}},"line":12},"2":{"name":"(anonymous_2)","decl":{"start":{"line":13,"column":57},"end":{"line":13,"column":58}},"loc":{"start":{"line":13,"column":74},"end":{"line":37,"column":5}},"line":13},"3":{"name":"(anonymous_3)","decl":{"start":{"line":38,"column":11},"end":{"line":38,"column":12}},"loc":{"start":{"line":38,"column":17},"end":{"line":38,"column":38}},"line":38}},"branchMap":{"0":{"loc":{"start":{"line":16,"column":6},"end":{"line":36,"column":7}},"type":"if","locations":[{"start":{"line":16,"column":6},"end":{"line":36,"column":7}},{"start":{},"end":{}}],"line":16},"1":{"loc":{"start":{"line":20,"column":8},"end":{"line":35,"column":9}},"type":"if","locations":[{"start":{"line":20,"column":8},"end":{"line":35,"column":9}},{"start":{},"end":{}}],"line":20},"2":{"loc":{"start":{"line":20,"column":12},"end":{"line":20,"column":41}},"type":"binary-expr","locations":[{"start":{"line":20,"column":12},"end":{"line":20,"column":24}},{"start":{"line":20,"column":28},"end":{"line":20,"column":41}}],"line":20},"3":{"loc":{"start":{"line":25,"column":10},"end":{"line":34,"column":11}},"type":"if","locations":[{"start":{"line":25,"column":10},"end":{"line":34,"column":11}},{"start":{"line":28,"column":17},"end":{"line":34,"column":11}}],"line":25}},"s":{"0":1,"1":1,"2":1,"3":1,"4":0,"5":0,"6":0,"7":0,"8":0,"9":0,"10":0,"11":0,"12":0,"13":0,"14":0,"15":0,"16":0,"17":0,"18":0,"19":0,"20":1,"21":1,"22":1},"f":{"0":1,"1":1,"2":0,"3":1},"b":{"0":[0,0],"1":[0,0],"2":[0,0],"3":[0,0]},"_coverageSchema":"1a1c01bbd47fc00a2c39e90264f33305004495a9","hash":"850a77ab48f36a9f06d25f558f7b3c0d16bee4d6"}
,"E:\\PROJECT\\RAMOUZ\\banksampah\\docs_engginering\\BankSampah\\app\\auth\\index.tsx": {"path":"E:\\PROJECT\\RAMOUZ\\banksampah\\docs_engginering\\BankSampah\\app\\auth\\index.tsx","statementMap":{"0":{"start":{"line":8,"column":19},"end":{"line":8,"column":33}},"1":{"start":{"line":9,"column":17},"end":{"line":9,"column":28}},"2":{"start":{"line":11,"column":2},"end":{"line":15,"column":13}},"3":{"start":{"line":12,"column":4},"end":{"line":14,"column":5}},"4":{"start":{"line":13,"column":6},"end":{"line":13,"column":36}},"5":{"start":{"line":17,"column":2},"end":{"line":23,"column":3}},"6":{"start":{"line":18,"column":4},"end":{"line":22,"column":6}},"7":{"start":{"line":25,"column":2},"end":{"line":29,"column":4}}},"fnMap":{"0":{"name":"Dashboard","decl":{"start":{"line":7,"column":24},"end":{"line":7,"column":33}},"loc":{"start":{"line":7,"column":36},"end":{"line":30,"column":1}},"line":7},"1":{"name":"(anonymous_1)","decl":{"start":{"line":11,"column":12},"end":{"line":11,"column":13}},"loc":{"start":{"line":11,"column":18},"end":{"line":15,"column":3}},"line":11}},"branchMap":{"0":{"loc":{"start":{"line":12,"column":4},"end":{"line":14,"column":5}},"type":"if","locations":[{"start":{"line":12,"column":4},"end":{"line":14,"column":5}},{"start":{},"end":{}}],"line":12},"1":{"loc":{"start":{"line":17,"column":2},"end":{"line":23,"column":3}},"type":"if","locations":[{"start":{"line":17,"column":2},"end":{"line":23,"column":3}},{"start":{},"end":{}}],"line":17}},"s":{"0":1,"1":1,"2":1,"3":1,"4":0,"5":1,"6":0,"7":1},"f":{"0":1,"1":1},"b":{"0":[0,1],"1":[0,1]},"_coverageSchema":"1a1c01bbd47fc00a2c39e90264f33305004495a9","hash":"e51850efc304cd84b5a5d37bf0124deb819cb9c2"}
,"E:\\PROJECT\\RAMOUZ\\banksampah\\docs_engginering\\BankSampah\\app\\auth\\login.tsx": {"path":"E:\\PROJECT\\RAMOUZ\\banksampah\\docs_engginering\\BankSampah\\app\\auth\\login.tsx","statementMap":{"0":{"start":{"line":9,"column":0},"end":{"line":9,"column":38}},"1":{"start":{"line":12,"column":23},"end":{"line":12,"column":38}},"2":{"start":{"line":13,"column":49},"end":{"line":13,"column":63}},"3":{"start":{"line":14,"column":28},"end":{"line":14,"column":40}},"4":{"start":{"line":15,"column":32},"end":{"line":15,"column":47}},"5":{"start":{"line":16,"column":24},"end":{"line":16,"column":36}},"6":{"start":{"line":17,"column":34},"end":{"line":17,"column":49}},"7":{"start":{"line":19,"column":28},"end":{"line":53,"column":3}},"8":{"start":{"line":20,"column":4},"end":{"line":20,"column":18}},"9":{"start":{"line":22,"column":4},"end":{"line":52,"column":5}},"10":{"start":{"line":23,"column":6},"end":{"line":23,"column":44}},"11":{"start":{"line":24,"column":25},"end":{"line":24,"column":59}},"12":{"start":{"line":25,"column":6},"end":{"line":25,"column":49}},"13":{"start":{"line":27,"column":8},"end":{"line":32,"column":10}},"14":{"start":{"line":34,"column":6},"end":{"line":34,"column":46}},"15":{"start":{"line":35,"column":6},"end":{"line":35,"column":42}},"16":{"start":{"line":36,"column":6},"end":{"line":36,"column":42}},"17":{"start":{"line":38,"column":6},"end":{"line":41,"column":7}},"18":{"start":{"line":39,"column":8},"end":{"line":39,"column":35}},"19":{"start":{"line":40,"column":8},"end":{"line":40,"column":14}},"20":{"start":{"line":43,"column":6},"end":{"line":48,"column":7}},"21":{"start":{"line":44,"column":8},"end":{"line":47,"column":9}},"22":{"start":{"line":50,"column":6},"end":{"line":50,"column":22}},"23":{"start":{"line":51,"column":6},"end":{"line":51,"column":49}},"24":{"start":{"line":55,"column":25},"end":{"line":71,"column":3}},"25":{"start":{"line":56,"column":4},"end":{"line":56,"column":19}},"26":{"start":{"line":57,"column":4},"end":{"line":60,"column":5}},"27":{"start":{"line":58,"column":6},"end":{"line":58,"column":52}},"28":{"start":{"line":59,"column":6},"end":{"line":59,"column":13}},"29":{"start":{"line":61,"column":4},"end":{"line":70,"column":5}},"30":{"start":{"line":62,"column":35},"end":{"line":62,"column":79}},"31":{"start":{"line":63,"column":6},"end":{"line":67,"column":7}},"32":{"start":{"line":63,"column":21},"end":{"line":63,"column":49}},"33":{"start":{"line":65,"column":8},"end":{"line":65,"column":25}},"34":{"start":{"line":66,"column":8},"end":{"line":66,"column":26}},"35":{"start":{"line":69,"column":6},"end":{"line":69,"column":47}},"36":{"start":{"line":73,"column":26},"end":{"line":89,"column":3}},"37":{"start":{"line":74,"column":4},"end":{"line":74,"column":19}},"38":{"start":{"line":75,"column":4},"end":{"line":78,"column":5}},"39":{"start":{"line":76,"column":6},"end":{"line":76,"column":36}},"40":{"start":{"line":77,"column":6},"end":{"line":77,"column":13}},"41":{"start":{"line":79,"column":4},"end":{"line":88,"column":5}},"42":{"start":{"line":80,"column":41},"end":{"line":80,"column":106}},"43":{"start":{"line":81,"column":6},"end":{"line":85,"column":7}},"44":{"start":{"line":81,"column":21},"end":{"line":81,"column":49}},"45":{"start":{"line":83,"column":8},"end":{"line":83,"column":27}},"46":{"start":{"line":84,"column":8},"end":{"line":84,"column":62}},"47":{"start":{"line":87,"column":6},"end":{"line":87,"column":52}},"48":{"start":{"line":91,"column":2},"end":{"line":143,"column":4}},"49":{"start":{"line":132,"column":102},"end":{"line":132,"column":120}},"50":{"start":{"line":146,"column":15},"end":{"line":209,"column":2}}},"fnMap":{"0":{"name":"LoginScreen","decl":{"start":{"line":11,"column":24},"end":{"line":11,"column":35}},"loc":{"start":{"line":11,"column":38},"end":{"line":144,"column":1}},"line":11},"1":{"name":"(anonymous_1)","decl":{"start":{"line":19,"column":28},"end":{"line":19,"column":29}},"loc":{"start":{"line":19,"column":40},"end":{"line":53,"column":3}},"line":19},"2":{"name":"(anonymous_2)","decl":{"start":{"line":55,"column":25},"end":{"line":55,"column":26}},"loc":{"start":{"line":55,"column":37},"end":{"line":71,"column":3}},"line":55},"3":{"name":"(anonymous_3)","decl":{"start":{"line":73,"column":26},"end":{"line":73,"column":27}},"loc":{"start":{"line":73,"column":38},"end":{"line":89,"column":3}},"line":73},"4":{"name":"(anonymous_4)","decl":{"start":{"line":132,"column":96},"end":{"line":132,"column":97}},"loc":{"start":{"line":132,"column":102},"end":{"line":132,"column":120}},"line":132}},"branchMap":{"0":{"loc":{"start":{"line":38,"column":6},"end":{"line":41,"column":7}},"type":"if","locations":[{"start":{"line":38,"column":6},"end":{"line":41,"column":7}},{"start":{},"end":{}}],"line":38},"1":{"loc":{"start":{"line":43,"column":6},"end":{"line":48,"column":7}},"type":"if","locations":[{"start":{"line":43,"column":6},"end":{"line":48,"column":7}},{"start":{},"end":{}}],"line":43},"2":{"loc":{"start":{"line":51,"column":15},"end":{"line":51,"column":48}},"type":"binary-expr","locations":[{"start":{"line":51,"column":15},"end":{"line":51,"column":24}},{"start":{"line":51,"column":28},"end":{"line":51,"column":48}}],"line":51},"3":{"loc":{"start":{"line":57,"column":4},"end":{"line":60,"column":5}},"type":"if","locations":[{"start":{"line":57,"column":4},"end":{"line":60,"column":5}},{"start":{},"end":{}}],"line":57},"4":{"loc":{"start":{"line":63,"column":6},"end":{"line":67,"column":7}},"type":"if","locations":[{"start":{"line":63,"column":6},"end":{"line":67,"column":7}},{"start":{"line":64,"column":11},"end":{"line":67,"column":7}}],"line":63},"5":{"loc":{"start":{"line":69,"column":15},"end":{"line":69,"column":45}},"type":"binary-expr","locations":[{"start":{"line":69,"column":15},"end":{"line":69,"column":24}},{"start":{"line":69,"column":28},"end":{"line":69,"column":45}}],"line":69},"6":{"loc":{"start":{"line":75,"column":4},"end":{"line":78,"column":5}},"type":"if","locations":[{"start":{"line":75,"column":4},"end":{"line":78,"column":5}},{"start":{},"end":{}}],"line":75},"7":{"loc":{"start":{"line":81,"column":6},"end":{"line":85,"column":7}},"type":"if","locations":[{"start":{"line":81,"column":6},"end":{"line":85,"column":7}},{"start":{"line":82,"column":11},"end":{"line":85,"column":7}}],"line":81},"8":{"loc":{"start":{"line":87,"column":15},"end":{"line":87,"column":50}},"type":"binary-expr","locations":[{"start":{"line":87,"column":15},"end":{"line":87,"column":24}},{"start":{"line":87,"column":28},"end":{"line":87,"column":50}}],"line":87},"9":{"loc":{"start":{"line":93,"column":34},"end":{"line":93,"column":65}},"type":"binary-expr","locations":[{"start":{"line":93,"column":34},"end":{"line":93,"column":44}},{"start":{"line":93,"column":48},"end":{"line":93,"column":65}}],"line":93},"10":{"loc":{"start":{"line":98,"column":32},"end":{"line":98,"column":63}},"type":"binary-expr","locations":[{"start":{"line":98,"column":32},"end":{"line":98,"column":42}},{"start":{"line":98,"column":46},"end":{"line":98,"column":63}}],"line":98},"11":{"loc":{"start":{"line":107,"column":9},"end":{"line":109,"column":14}},"type":"cond-expr","locations":[{"start":{"line":108,"column":8},"end":{"line":108,"column":71}},{"start":{"line":109,"column":10},"end":{"line":109,"column":14}}],"line":107},"12":{"loc":{"start":{"line":111,"column":41},"end":{"line":111,"column":72}},"type":"binary-expr","locations":[{"start":{"line":111,"column":41},"end":{"line":111,"column":51}},{"start":{"line":111,"column":55},"end":{"line":111,"column":72}}],"line":111},"13":{"loc":{"start":{"line":113,"column":7},"end":{"line":113,"column":96}},"type":"binary-expr","locations":[{"start":{"line":113,"column":7},"end":{"line":113,"column":16}},{"start":{"line":113,"column":20},"end":{"line":113,"column":96}}],"line":113},"14":{"loc":{"start":{"line":140,"column":41},"end":{"line":140,"column":72}},"type":"binary-expr","locations":[{"start":{"line":140,"column":41},"end":{"line":140,"column":51}},{"start":{"line":140,"column":55},"end":{"line":140,"column":72}}],"line":140}},"s":{"0":1,"1":1,"2":1,"3":1,"4":1,"5":1,"6":1,"7":1,"8":0,"9":0,"10":0,"11":0,"12":0,"13":0,"14":0,"15":0,"16":0,"17":0,"18":0,"19":0,"20":0,"21":0,"22":0,"23":0,"24":1,"25":0,"26":0,"27":0,"28":0,"29":0,"30":0,"31":0,"32":0,"33":0,"34":0,"35":0,"36":1,"37":0,"38":0,"39":0,"40":0,"41":0,"42":0,"43":0,"44":0,"45":0,"46":0,"47":0,"48":1,"49":0,"50":1},"f":{"0":1,"1":0,"2":0,"3":0,"4":0},"b":{"0":[0,0],"1":[0,0],"2":[0,0],"3":[0,0],"4":[0,0],"5":[0,0],"6":[0,0],"7":[0,0],"8":[0,0],"9":[1,0],"10":[1,0],"11":[0,1],"12":[1,0],"13":[1,0],"14":[1,0]},"_coverageSchema":"1a1c01bbd47fc00a2c39e90264f33305004495a9","hash":"662cef9326fb684c8f5b66b649eda39759947f9f"}
,"E:\\PROJECT\\RAMOUZ\\banksampah\\docs_engginering\\BankSampah\\app\\auth\\logout.tsx": {"path":"E:\\PROJECT\\RAMOUZ\\banksampah\\docs_engginering\\BankSampah\\app\\auth\\logout.tsx","statementMap":{"0":{"start":{"line":9,"column":17},"end":{"line":9,"column":28}},"1":{"start":{"line":10,"column":44},"end":{"line":10,"column":58}},"2":{"start":{"line":12,"column":2},"end":{"line":25,"column":46}},"3":{"start":{"line":13,"column":21},"end":{"line":23,"column":5}},"4":{"start":{"line":14,"column":6},"end":{"line":22,"column":7}},"5":{"start":{"line":15,"column":8},"end":{"line":15,"column":38}},"6":{"start":{"line":16,"column":8},"end":{"line":16,"column":25}},"7":{"start":{"line":17,"column":8},"end":{"line":17,"column":22}},"8":{"start":{"line":18,"column":8},"end":{"line":18,"column":23}},"9":{"start":{"line":19,"column":8},"end":{"line":19,"column":38}},"10":{"start":{"line":21,"column":8},"end":{"line":21,"column":49}},"11":{"start":{"line":24,"column":4},"end":{"line":24,"column":15}},"12":{"start":{"line":27,"column":2},"end":{"line":32,"column":4}}},"fnMap":{"0":{"name":"Logout","decl":{"start":{"line":8,"column":24},"end":{"line":8,"column":30}},"loc":{"start":{"line":8,"column":33},"end":{"line":33,"column":1}},"line":8},"1":{"name":"(anonymous_1)","decl":{"start":{"line":12,"column":12},"end":{"line":12,"column":13}},"loc":{"start":{"line":12,"column":18},"end":{"line":25,"column":3}},"line":12},"2":{"name":"(anonymous_2)","decl":{"start":{"line":13,"column":21},"end":{"line":13,"column":22}},"loc":{"start":{"line":13,"column":33},"end":{"line":23,"column":5}},"line":13}},"branchMap":{"0":{"loc":{"start":{"line":21,"column":17},"end":{"line":21,"column":47}},"type":"binary-expr","locations":[{"start":{"line":21,"column":17},"end":{"line":21,"column":29}},{"start":{"line":21,"column":33},"end":{"line":21,"column":47}}],"line":21}},"s":{"0":1,"1":1,"2":1,"3":1,"4":1,"5":1,"6":1,"7":1,"8":1,"9":1,"10":0,"11":1,"12":1},"f":{"0":1,"1":1,"2":1},"b":{"0":[0,0]},"_coverageSchema":"1a1c01bbd47fc00a2c39e90264f33305004495a9","hash":"7cbb372a7cd2157228feae3d8b98df957531834f"}
,"E:\\PROJECT\\RAMOUZ\\banksampah\\docs_engginering\\BankSampah\\app\\dashboard\\index.tsx": {"path":"E:\\PROJECT\\RAMOUZ\\banksampah\\docs_engginering\\BankSampah\\app\\dashboard\\index.tsx","statementMap":{"0":{"start":{"line":4,"column":2},"end":{"line":4,"column":33}},"1":{"start":{"line":6,"column":2},"end":{"line":10,"column":4}}},"fnMap":{"0":{"name":"Dashboard","decl":{"start":{"line":3,"column":24},"end":{"line":3,"column":33}},"loc":{"start":{"line":3,"column":36},"end":{"line":11,"column":1}},"line":3}},"branchMap":{},"s":{"0":1,"1":1},"f":{"0":1},"b":{},"_coverageSchema":"1a1c01bbd47fc00a2c39e90264f33305004495a9","hash":"92d1ba006153eefaec053734f2286fe584d4e716"}
,"E:\\PROJECT\\RAMOUZ\\banksampah\\docs_engginering\\BankSampah\\components\\haptic-tab.tsx": {"path":"E:\\PROJECT\\RAMOUZ\\banksampah\\docs_engginering\\BankSampah\\components\\haptic-tab.tsx","statementMap":{"0":{"start":{"line":6,"column":2},"end":{"line":17,"column":4}},"1":{"start":{"line":10,"column":8},"end":{"line":13,"column":9}},"2":{"start":{"line":12,"column":10},"end":{"line":12,"column":65}},"3":{"start":{"line":14,"column":8},"end":{"line":14,"column":30}}},"fnMap":{"0":{"name":"HapticTab","decl":{"start":{"line":5,"column":16},"end":{"line":5,"column":25}},"loc":{"start":{"line":5,"column":58},"end":{"line":18,"column":1}},"line":5},"1":{"name":"(anonymous_1)","decl":{"start":{"line":9,"column":17},"end":{"line":9,"column":18}},"loc":{"start":{"line":9,"column":25},"end":{"line":15,"column":7}},"line":9}},"branchMap":{"0":{"loc":{"start":{"line":10,"column":8},"end":{"line":13,"column":9}},"type":"if","locations":[{"start":{"line":10,"column":8},"end":{"line":13,"column":9}},{"start":{},"end":{}}],"line":10}},"s":{"0":2,"1":2,"2":2,"3":2},"f":{"0":2,"1":2},"b":{"0":[2,0]},"_coverageSchema":"1a1c01bbd47fc00a2c39e90264f33305004495a9","hash":"5659e07cc2879631002dbb087657e9506edeff0a"}
,"E:\\PROJECT\\RAMOUZ\\banksampah\\docs_engginering\\BankSampah\\components\\themed-text.tsx": {"path":"E:\\PROJECT\\RAMOUZ\\banksampah\\docs_engginering\\BankSampah\\components\\themed-text.tsx","statementMap":{"0":{"start":{"line":18,"column":16},"end":{"line":18,"column":77}},"1":{"start":{"line":20,"column":2},"end":{"line":33,"column":4}},"2":{"start":{"line":36,"column":15},"end":{"line":60,"column":2}}},"fnMap":{"0":{"name":"ThemedText","decl":{"start":{"line":11,"column":16},"end":{"line":11,"column":26}},"loc":{"start":{"line":17,"column":20},"end":{"line":34,"column":1}},"line":17}},"branchMap":{"0":{"loc":{"start":{"line":15,"column":2},"end":{"line":15,"column":18}},"type":"default-arg","locations":[{"start":{"line":15,"column":9},"end":{"line":15,"column":18}}],"line":15},"1":{"loc":{"start":{"line":24,"column":8},"end":{"line":24,"column":55}},"type":"cond-expr","locations":[{"start":{"line":24,"column":29},"end":{"line":24,"column":43}},{"start":{"line":24,"column":46},"end":{"line":24,"column":55}}],"line":24},"2":{"loc":{"start":{"line":25,"column":8},"end":{"line":25,"column":51}},"type":"cond-expr","locations":[{"start":{"line":25,"column":27},"end":{"line":25,"column":39}},{"start":{"line":25,"column":42},"end":{"line":25,"column":51}}],"line":25},"3":{"loc":{"start":{"line":26,"column":8},"end":{"line":26,"column":71}},"type":"cond-expr","locations":[{"start":{"line":26,"column":37},"end":{"line":26,"column":59}},{"start":{"line":26,"column":62},"end":{"line":26,"column":71}}],"line":26},"4":{"loc":{"start":{"line":27,"column":8},"end":{"line":27,"column":57}},"type":"cond-expr","locations":[{"start":{"line":27,"column":30},"end":{"line":27,"column":45}},{"start":{"line":27,"column":48},"end":{"line":27,"column":57}}],"line":27},"5":{"loc":{"start":{"line":28,"column":8},"end":{"line":28,"column":49}},"type":"cond-expr","locations":[{"start":{"line":28,"column":26},"end":{"line":28,"column":37}},{"start":{"line":28,"column":40},"end":{"line":28,"column":49}}],"line":28}},"s":{"0":1,"1":1,"2":1},"f":{"0":1},"b":{"0":[1],"1":[1,0],"2":[0,1],"3":[0,1],"4":[0,1],"5":[0,1]},"_coverageSchema":"1a1c01bbd47fc00a2c39e90264f33305004495a9","hash":"5e192c8e8e2a392d3592a1827238e24249ab6ab0"}
,"E:\\PROJECT\\RAMOUZ\\banksampah\\docs_engginering\\BankSampah\\components\\themed-view.tsx": {"path":"E:\\PROJECT\\RAMOUZ\\banksampah\\docs_engginering\\BankSampah\\components\\themed-view.tsx","statementMap":{"0":{"start":{"line":11,"column":26},"end":{"line":11,"column":93}},"1":{"start":{"line":13,"column":2},"end":{"line":13,"column":71}}},"fnMap":{"0":{"name":"ThemedView","decl":{"start":{"line":10,"column":16},"end":{"line":10,"column":26}},"loc":{"start":{"line":10,"column":93},"end":{"line":14,"column":1}},"line":10}},"branchMap":{},"s":{"0":1,"1":1},"f":{"0":1},"b":{},"_coverageSchema":"1a1c01bbd47fc00a2c39e90264f33305004495a9","hash":"340d74f77a78711f41b223ef9add5c6c13ef6982"}
,"E:\\PROJECT\\RAMOUZ\\banksampah\\docs_engginering\\BankSampah\\components\\ui\\collapsible.tsx": {"path":"E:\\PROJECT\\RAMOUZ\\banksampah\\docs_engginering\\BankSampah\\components\\ui\\collapsible.tsx","statementMap":{"0":{"start":{"line":11,"column":30},"end":{"line":11,"column":45}},"1":{"start":{"line":12,"column":16},"end":{"line":12,"column":43}},"2":{"start":{"line":14,"column":2},"end":{"line":32,"column":4}},"3":{"start":{"line":18,"column":23},"end":{"line":18,"column":51}},"4":{"start":{"line":18,"column":44},"end":{"line":18,"column":50}},"5":{"start":{"line":35,"column":15},"end":{"line":45,"column":2}}},"fnMap":{"0":{"name":"Collapsible","decl":{"start":{"line":10,"column":16},"end":{"line":10,"column":27}},"loc":{"start":{"line":10,"column":88},"end":{"line":33,"column":1}},"line":10},"1":{"name":"(anonymous_1)","decl":{"start":{"line":18,"column":17},"end":{"line":18,"column":18}},"loc":{"start":{"line":18,"column":23},"end":{"line":18,"column":51}},"line":18},"2":{"name":"(anonymous_2)","decl":{"start":{"line":18,"column":33},"end":{"line":18,"column":34}},"loc":{"start":{"line":18,"column":44},"end":{"line":18,"column":50}},"line":18}},"branchMap":{"0":{"loc":{"start":{"line":12,"column":16},"end":{"line":12,"column":43}},"type":"binary-expr","locations":[{"start":{"line":12,"column":16},"end":{"line":12,"column":32}},{"start":{"line":12,"column":36},"end":{"line":12,"column":43}}],"line":12},"1":{"loc":{"start":{"line":24,"column":17},"end":{"line":24,"column":73}},"type":"cond-expr","locations":[{"start":{"line":24,"column":37},"end":{"line":24,"column":54}},{"start":{"line":24,"column":57},"end":{"line":24,"column":73}}],"line":24},"2":{"loc":{"start":{"line":25,"column":41},"end":{"line":25,"column":66}},"type":"cond-expr","locations":[{"start":{"line":25,"column":50},"end":{"line":25,"column":57}},{"start":{"line":25,"column":60},"end":{"line":25,"column":66}}],"line":25},"3":{"loc":{"start":{"line":30,"column":7},"end":{"line":30,"column":75}},"type":"binary-expr","locations":[{"start":{"line":30,"column":7},"end":{"line":30,"column":13}},{"start":{"line":30,"column":17},"end":{"line":30,"column":75}}],"line":30}},"s":{"0":1,"1":1,"2":1,"3":0,"4":0,"5":1},"f":{"0":1,"1":0,"2":0},"b":{"0":[1,0],"1":[1,0],"2":[0,1],"3":[1,0]},"_coverageSchema":"1a1c01bbd47fc00a2c39e90264f33305004495a9","hash":"70a8ae0d40e44e03fc66e96b60dac62583764072"}
,"E:\\PROJECT\\RAMOUZ\\banksampah\\docs_engginering\\BankSampah\\components\\ui\\icon-symbol.ios.tsx": {"path":"E:\\PROJECT\\RAMOUZ\\banksampah\\docs_engginering\\BankSampah\\components\\ui\\icon-symbol.ios.tsx","statementMap":{"0":{"start":{"line":17,"column":2},"end":{"line":31,"column":4}}},"fnMap":{"0":{"name":"IconSymbol","decl":{"start":{"line":4,"column":16},"end":{"line":4,"column":26}},"loc":{"start":{"line":16,"column":3},"end":{"line":32,"column":1}},"line":16}},"branchMap":{"0":{"loc":{"start":{"line":6,"column":2},"end":{"line":6,"column":11}},"type":"default-arg","locations":[{"start":{"line":6,"column":9},"end":{"line":6,"column":11}}],"line":6},"1":{"loc":{"start":{"line":9,"column":2},"end":{"line":9,"column":20}},"type":"default-arg","locations":[{"start":{"line":9,"column":11},"end":{"line":9,"column":20}}],"line":9}},"s":{"0":1},"f":{"0":1},"b":{"0":[1],"1":[1]},"_coverageSchema":"1a1c01bbd47fc00a2c39e90264f33305004495a9","hash":"842a06d8d3e0ecebb53e6daae24037ea1828bad6"}
,"E:\\PROJECT\\RAMOUZ\\banksampah\\docs_engginering\\BankSampah\\constants\\theme.ts": {"path":"E:\\PROJECT\\RAMOUZ\\banksampah\\docs_engginering\\BankSampah\\constants\\theme.ts","statementMap":{"0":{"start":{"line":8,"column":23},"end":{"line":8,"column":32}},"1":{"start":{"line":9,"column":22},"end":{"line":9,"column":28}},"2":{"start":{"line":11,"column":22},"end":{"line":28,"column":1}},"3":{"start":{"line":30,"column":21},"end":{"line":53,"column":2}}},"fnMap":{},"branchMap":{},"s":{"0":1,"1":1,"2":1,"3":1},"f":{},"b":{},"_coverageSchema":"1a1c01bbd47fc00a2c39e90264f33305004495a9","hash":"cfbb9de762cd7fa4cd297752dbe651b1e4765034"}
,"E:\\PROJECT\\RAMOUZ\\banksampah\\docs_engginering\\BankSampah\\hooks\\use-color-scheme.ts": {"path":"E:\\PROJECT\\RAMOUZ\\banksampah\\docs_engginering\\BankSampah\\hooks\\use-color-scheme.ts","statementMap":{},"fnMap":{},"branchMap":{},"s":{},"f":{},"b":{},"_coverageSchema":"1a1c01bbd47fc00a2c39e90264f33305004495a9","hash":"a58d6cc6002d83ebbd41b962b9b08d527ee2aafe"}
,"E:\\PROJECT\\RAMOUZ\\banksampah\\docs_engginering\\BankSampah\\stores\\authStore.ts": {"path":"E:\\PROJECT\\RAMOUZ\\banksampah\\docs_engginering\\BankSampah\\stores\\authStore.ts","statementMap":{"0":{"start":{"line":29,"column":28},"end":{"line":46,"column":3}},"1":{"start":{"line":29,"column":61},"end":{"line":46,"column":1}},"2":{"start":{"line":35,"column":4},"end":{"line":35,"column":42}},"3":{"start":{"line":37,"column":4},"end":{"line":37,"column":30}},"4":{"start":{"line":40,"column":4},"end":{"line":40,"column":39}},"5":{"start":{"line":43,"column":36},"end":{"line":43,"column":55}},"6":{"start":{"line":44,"column":43},"end":{"line":44,"column":59}},"7":{"start":{"line":45,"column":34},"end":{"line":45,"column":47}}},"fnMap":{"0":{"name":"(anonymous_0)","decl":{"start":{"line":29,"column":46},"end":{"line":29,"column":47}},"loc":{"start":{"line":29,"column":61},"end":{"line":46,"column":1}},"line":29},"1":{"name":"(anonymous_1)","decl":{"start":{"line":34,"column":10},"end":{"line":34,"column":11}},"loc":{"start":{"line":34,"column":63},"end":{"line":38,"column":3}},"line":34},"2":{"name":"(anonymous_2)","decl":{"start":{"line":39,"column":11},"end":{"line":39,"column":12}},"loc":{"start":{"line":39,"column":23},"end":{"line":42,"column":3}},"line":39},"3":{"name":"(anonymous_3)","decl":{"start":{"line":43,"column":12},"end":{"line":43,"column":13}},"loc":{"start":{"line":43,"column":36},"end":{"line":43,"column":55}},"line":43},"4":{"name":"(anonymous_4)","decl":{"start":{"line":44,"column":14},"end":{"line":44,"column":15}},"loc":{"start":{"line":44,"column":43},"end":{"line":44,"column":59}},"line":44},"5":{"name":"(anonymous_5)","decl":{"start":{"line":45,"column":11},"end":{"line":45,"column":12}},"loc":{"start":{"line":45,"column":34},"end":{"line":45,"column":47}},"line":45}},"branchMap":{},"s":{"0":1,"1":1,"2":0,"3":0,"4":0,"5":0,"6":0,"7":0},"f":{"0":1,"1":0,"2":0,"3":0,"4":0,"5":0},"b":{},"_coverageSchema":"1a1c01bbd47fc00a2c39e90264f33305004495a9","hash":"1980751371310fee865e26acad774e02d827a5ce"}
}
