TN:
SF:app\_layout.tsx
FN:8,RootLayout
FNF:1
FNH:1
FNDA:1,RootLayout
DA:9,1
DA:11,1
LF:2
LH:2
BRDA:12,0,0,0
BRDA:12,0,1,1
BRF:2
BRH:1
end_of_record
TN:
SF:app\index.tsx
FN:3,App
FN:9,(anonymous_1)
FNF:2
FNH:1
FNDA:1,App
FNDA:0,(anonymous_1)
DA:4,1
DA:10,0
DA:20,1
LF:3
LH:2
BRF:0
BRH:0
end_of_record
TN:
SF:app\auth\_layout.tsx
FN:9,TabLayout
FN:24,(anonymous_1)
FN:31,(anonymous_2)
FN:38,(anonymous_3)
FNF:4
FNH:1
FNDA:1,TabLayout
FNDA:0,(anonymous_1)
FNDA:0,(anonymous_2)
FNDA:0,(anonymous_3)
DA:10,1
DA:12,1
DA:24,0
DA:31,0
DA:38,0
LF:5
LH:2
BRDA:15,0,0,1
BRDA:15,0,1,0
BRF:2
BRH:1
end_of_record
TN:
SF:app\auth\callback.tsx
FN:8,AuthCallback
FN:12,(anonymous_1)
FN:13,(anonymous_2)
FN:38,(anonymous_3)
FNF:4
FNH:3
FNDA:1,AuthCallback
FNDA:1,(anonymous_1)
FNDA:0,(anonymous_2)
FNDA:1,(anonymous_3)
DA:9,1
DA:10,1
DA:12,1
DA:13,1
DA:14,0
DA:15,0
DA:16,0
DA:17,0
DA:18,0
DA:19,0
DA:20,0
DA:21,0
DA:25,0
DA:26,0
DA:27,0
DA:29,0
DA:30,0
DA:31,0
DA:32,0
DA:33,0
DA:38,1
DA:41,1
LF:22
LH:6
BRDA:16,0,0,0
BRDA:16,0,1,0
BRDA:20,1,0,0
BRDA:20,1,1,0
BRDA:20,2,0,0
BRDA:20,2,1,0
BRDA:25,3,0,0
BRDA:25,3,1,0
BRF:8
BRH:0
end_of_record
TN:
SF:app\auth\index.tsx
FN:7,Dashboard
FN:11,(anonymous_1)
FNF:2
FNH:2
FNDA:1,Dashboard
FNDA:1,(anonymous_1)
DA:8,1
DA:9,1
DA:11,1
DA:12,1
DA:13,0
DA:17,1
DA:18,0
DA:25,1
LF:8
LH:6
BRDA:12,0,0,0
BRDA:12,0,1,1
BRDA:17,1,0,0
BRDA:17,1,1,1
BRF:4
BRH:2
end_of_record
TN:
SF:app\auth\login.tsx
FN:11,LoginScreen
FN:19,(anonymous_1)
FN:55,(anonymous_2)
FN:73,(anonymous_3)
FN:132,(anonymous_4)
FNF:5
FNH:1
FNDA:1,LoginScreen
FNDA:0,(anonymous_1)
FNDA:0,(anonymous_2)
FNDA:0,(anonymous_3)
FNDA:0,(anonymous_4)
DA:9,1
DA:12,1
DA:13,1
DA:14,1
DA:15,1
DA:16,1
DA:17,1
DA:19,1
DA:20,0
DA:22,0
DA:23,0
DA:24,0
DA:25,0
DA:27,0
DA:34,0
DA:35,0
DA:36,0
DA:38,0
DA:39,0
DA:40,0
DA:43,0
DA:44,0
DA:50,0
DA:51,0
DA:55,1
DA:56,0
DA:57,0
DA:58,0
DA:59,0
DA:61,0
DA:62,0
DA:63,0
DA:65,0
DA:66,0
DA:69,0
DA:73,1
DA:74,0
DA:75,0
DA:76,0
DA:77,0
DA:79,0
DA:80,0
DA:81,0
DA:83,0
DA:84,0
DA:87,0
DA:91,1
DA:132,0
DA:146,1
LF:49
LH:12
BRDA:38,0,0,0
BRDA:38,0,1,0
BRDA:43,1,0,0
BRDA:43,1,1,0
BRDA:51,2,0,0
BRDA:51,2,1,0
BRDA:57,3,0,0
BRDA:57,3,1,0
BRDA:63,4,0,0
BRDA:63,4,1,0
BRDA:69,5,0,0
BRDA:69,5,1,0
BRDA:75,6,0,0
BRDA:75,6,1,0
BRDA:81,7,0,0
BRDA:81,7,1,0
BRDA:87,8,0,0
BRDA:87,8,1,0
BRDA:93,9,0,1
BRDA:93,9,1,0
BRDA:98,10,0,1
BRDA:98,10,1,0
BRDA:107,11,0,0
BRDA:107,11,1,1
BRDA:111,12,0,1
BRDA:111,12,1,0
BRDA:113,13,0,1
BRDA:113,13,1,0
BRDA:140,14,0,1
BRDA:140,14,1,0
BRF:30
BRH:6
end_of_record
TN:
SF:app\auth\logout.tsx
FN:8,Logout
FN:12,(anonymous_1)
FN:13,(anonymous_2)
FNF:3
FNH:3
FNDA:1,Logout
FNDA:1,(anonymous_1)
FNDA:1,(anonymous_2)
DA:9,1
DA:10,1
DA:12,1
DA:13,1
DA:14,1
DA:15,1
DA:16,1
DA:17,1
DA:18,1
DA:19,1
DA:21,0
DA:24,1
DA:27,1
LF:13
LH:12
BRDA:21,0,0,0
BRDA:21,0,1,0
BRF:2
BRH:0
end_of_record
TN:
SF:app\dashboard\index.tsx
FN:3,Dashboard
FNF:1
FNH:1
FNDA:1,Dashboard
DA:4,1
DA:6,1
LF:2
LH:2
BRF:0
BRH:0
end_of_record
TN:
SF:components\haptic-tab.tsx
FN:5,HapticTab
FN:9,(anonymous_1)
FNF:2
FNH:2
FNDA:2,HapticTab
FNDA:2,(anonymous_1)
DA:6,2
DA:10,2
DA:12,2
DA:14,2
LF:4
LH:4
BRDA:10,0,0,2
BRDA:10,0,1,0
BRF:2
BRH:1
end_of_record
TN:
SF:components\themed-text.tsx
FN:11,ThemedText
FNF:1
FNH:1
FNDA:1,ThemedText
DA:18,1
DA:20,1
DA:36,1
LF:3
LH:3
BRDA:15,0,0,1
BRDA:24,1,0,1
BRDA:24,1,1,0
BRDA:25,2,0,0
BRDA:25,2,1,1
BRDA:26,3,0,0
BRDA:26,3,1,1
BRDA:27,4,0,0
BRDA:27,4,1,1
BRDA:28,5,0,0
BRDA:28,5,1,1
BRF:11
BRH:6
end_of_record
TN:
SF:components\themed-view.tsx
FN:10,ThemedView
FNF:1
FNH:1
FNDA:1,ThemedView
DA:11,1
DA:13,1
LF:2
LH:2
BRF:0
BRH:0
end_of_record
TN:
SF:components\ui\collapsible.tsx
FN:10,Collapsible
FN:18,(anonymous_1)
FN:18,(anonymous_2)
FNF:3
FNH:1
FNDA:1,Collapsible
FNDA:0,(anonymous_1)
FNDA:0,(anonymous_2)
DA:11,1
DA:12,1
DA:14,1
DA:18,0
DA:35,1
LF:5
LH:4
BRDA:12,0,0,1
BRDA:12,0,1,0
BRDA:24,1,0,1
BRDA:24,1,1,0
BRDA:25,2,0,0
BRDA:25,2,1,1
BRDA:30,3,0,1
BRDA:30,3,1,0
BRF:8
BRH:4
end_of_record
TN:
SF:components\ui\icon-symbol.ios.tsx
FN:4,IconSymbol
FNF:1
FNH:1
FNDA:1,IconSymbol
DA:17,1
LF:1
LH:1
BRDA:6,0,0,1
BRDA:9,1,0,1
BRF:2
BRH:2
end_of_record
TN:
SF:constants\theme.ts
FNF:0
FNH:0
DA:8,1
DA:9,1
DA:11,1
DA:30,1
LF:4
LH:4
BRF:0
BRH:0
end_of_record
TN:
SF:hooks\use-color-scheme.ts
FNF:0
FNH:0
LF:0
LH:0
BRF:0
BRH:0
end_of_record
TN:
SF:stores\authStore.ts
FN:29,(anonymous_0)
FN:34,(anonymous_1)
FN:39,(anonymous_2)
FN:43,(anonymous_3)
FN:44,(anonymous_4)
FN:45,(anonymous_5)
FNF:6
FNH:1
FNDA:1,(anonymous_0)
FNDA:0,(anonymous_1)
FNDA:0,(anonymous_2)
FNDA:0,(anonymous_3)
FNDA:0,(anonymous_4)
FNDA:0,(anonymous_5)
DA:29,1
DA:35,0
DA:37,0
DA:40,0
DA:43,0
DA:44,0
DA:45,0
LF:7
LH:1
BRF:0
BRH:0
end_of_record
